Mono path[0] = '/Users/vanah/Unity Projects Local/Car Rush/Training env.app/Contents/Resources/Data/Managed'
Mono config path = '/Users/vanah/Unity Projects Local/Car Rush/Training env.app/Contents/MonoBleedingEdge/etc'
Initialize engine version: 2021.2.19f1 (602ecdbb2fb0)
[Subsystems] Discovering subsystems at path /Users/vanah/Unity Projects Local/Car Rush/Training env.app/Contents/Resources/Data/UnitySubsystems
GfxDevice: creating device client; threaded=1; jobified=0
 preferred device: Apple M1 Pro (high power)
Metal devices available: 1
0: Apple M1 Pro (high power)
Using device Apple M1 Pro (high power)
Initializing Metal device caps: Apple M1 Pro
Begin MonoManager ReloadAssembly
- Completed reload, in  1.543 seconds
UnloadTime: 4.295041 ms
1
0
1
1
0
0
1
0
2
1
2
2
1
2
2
2
2
0
2
2
2
0
1
2
1
1
2
2
1
1
2
1
0
1
2
0
2
0
1
2
0
2
0
1
1
2
0
1
0
1
0
2
2
2
0
0
2
2
0
1
2
1
1
2
0
0
0
0
0
1
1
2
1
0
0
2
1
2
0
0
1
1
1
2
1
2
1
0
2
1
2
0
1
0
0
0
2
2
0
0
1
2
2
2
2
2
2
2
2
0
0
1
1
0
2
1
2
0
2
1
0
1
1
2
2
1
0
2
1
2
1
2
2
0
1
2
1
1
1
1
2
1
0
0
2
1
1
1
2
1
0
0
1
1
0
1
2
2
0
1
2
1
0
2
2
0
1
0
0
0
0
2
1
1
1
0
0
1
0
0
0
2
2
0
2
1
2
2
1
1
2
2
2
2
0
1
0
1
0
0
1
2
1
0
1
2
2
2
0
0
1
2
0
2
1
1
1
1
0
0
1
2
1
1
2
2
1
2
1
1
2
1
2
0
2
2
0
0
0
2
2
1
0
2
2
0
0
0
2
2
1
1
0
2
2
2
2
1
0
0
1
0
1
2
1
2
0
1
0
0
1
2
0
2
1
1
2
1
0
2
2
0
0
0
1
0
2
1
1
1
0
0
0
0
1
1
0
1
2
0
0
2
1
2
0
2
2
2
2
2
2
2
2
0
2
0
0
1
1
0
0
2
1
2
2
0
2
0
2
2
0
0
1
1
0
1
1
1
0
2
1
0
1
0
1
1
1
1
1
1
2
0
2
2
0
0
1
1
1
2
1
0
2
0
1
0
2
2
1
1
1
2
1
0
1
2
1
2
2
0
1
1
0
0
0
2
2
1
1
2
2
2
2
2
0
2
0
2
2
1
1
0
0
2
2
2
0
1
1
1
0
2
2
1
1
0
1
2
2
0
2
1
0
0
0
1
2
1
2
1
1
0
1
0
0
2
2
2
0
1
1
0
2
2
2
2
1
2
0
1
1
0
1
1
2
2
2
1
2
1
1
0
1
1
0
2
2
2
2
1
0
2
0
1
0
0
1
1
1
0
2
0
2
2
1
0
0
2
1
0
2
1
2
2
0
1
1
1
0
1
0
1
2
2
1
1
2
0
2
0
2
2
0
2
2
0
2
1
0
2
1
1
2
1
0
2
2
1
1
2
1
1
1
0
2
1
2
0
0
1
1
2
2
0
1
2
1
0
1
2
2
1
2
2
0
2
1
1
0
2
2
0
1
2
1
0
0
1
1
1
0
0
0
1
2
2
0
2
2
1
0
0
0
2
1
0
1
2
2
1
1
1
2
1
0
1
1
2
2
1
1
1
0
1
1
2
2
2
0
2
2
1
2
0
2
1
2
1
1
1
1
1
1
0
1
1
0
0
1
1
2
2
0
0
2
2
0
1
1
0
1
2
2
2
0
2
0
2
2
2
0
0
2
1
2
1
2
2
2
0
1
1
1
2
2
0
0
0
1
0
2
0
0
1
1
0
1
0
2
1
1
1
0
0
0
0
1
2
0
2
1
2
1
0
1
1
1
2
0
0
1
1
0
1
2
2
2
2
1
2
1
2
0
1
0
1
0
2
0
2
2
2
2
2
0
0
0
0
1
2
2
1
0
2
2
2
2
1
1
2
0
2
2
0
2
1
1
1
1
0
1
2
1
1
0
2
1
1
2
0
1
1
1
0
0
2
1
1
2
0
2
2
2
1
2
1
0
1
0
2
1
2
2
2
1
1
2
1
1
1
2
1
0
1
1
0
2
2
0
0
1
1
1
0
0
1
1
0
1
1
1
2
2
0
1
1
2
0
2
1
2
0
2
1
1
0
2
2
0
0
1
0
2
2
0
2
1
2
1
2
2
1
1
1
0
0
0
2
0
0
0
2
2
1
0
1
0
1
2
0
0
0
1
0
1
1
2
0
2
2
0
1
1
2
2
2
1
1
0
1
2
0
0
1
2
1
0
2
0
1
2
2
1
2
1
1
0
2
2
0
0
0
1
0
1
0
1
0
2
1
0
1
0
1
0
2
0
1
2
1
2
0
2
1
1
1
1
2
1
2
1
2
1
0
1
1
1
1
0
1
0
0
2
1
0
0
2
0
0
1
0
2
0
2
1
1
0
0
1
2
2
1
2
0
2
2
0
1
1
0
0
1
2
2
2
0
1
2
2
2
0
1
2
0
2
0
1
2
2
0
0
1
0
1
1
1
2
1
2
0
2
2
0
2
0
1
0
2
2
2
2
0
1
0
0
1
1
0
2
0
1
2
0
1
1
0
0
0
1
2
1
1
1
0
1
0
0
2
0
0
2
2
2
2
0
2
0
2
2
0
1
2
0
0
1
2
1
0
2
2
2
1
2
1
0
0
0
2
2
0
0
1
2
2
2
0
0
0
1
1
0
1
0
1
0
2
1
2
0
2
1
1
1
2
0
2
1
2
1
2
0
1
0
1
2
0
1
0
0
1
0
2
2
1
1
0
0
1
1
1
0
2
2
1
0
2
2
2
1
2
1
0
2
0
0
1
2
1
2
1
0
2
2
1
1
2
1
0
1
0
0
2
2
1
1
0
0
0
0
2
1
1
1
2
2
2
0
0
1
2
0
1
0
0
0
1
1
1
2
1
1
1
2
1
1
0
1
1
2
2
0
1
0
1
1
1
1
0
2
1
0
2
2
2
0
2
0
1
1
2
1
0
0
1
0
2
0
1
0
1
2
1
2
0
1
1
2
1
1
0
2
0
1
1
1
0
1
0
2
2
0
0
0
1
0
0
1
0
2
1
1
0
1
2
1
0
0
0
0
1
2
2
0
0
2
1
0
1
1
2
0
1
0
1
1
2
1
2
1
2
1
0
1
1
1
1
1
2
2
2
0
0
1
1
1
1
2
1
0
2
2
1
1
2
2
2
1
1
1
0
1
1
0
2
1
0
2
2
1
2
0
0
0
1
0
1
0
1
0
1
0
0
2
2
1
1
2
2
0
1
0
0
1
0
0
1
1
0
1
2
1
0
1
2
2
0
0
0
0
1
1
2
1
0
2
0
1
2
0
0
0
1
0
2
0
2
1
1
0
1
1
1
1
2
1
1
2
2
1
0
1
0
0
0
0
1
1
0
1
1
0
0
2
1
0
0
1
1
1
0
0
2
1
0
0
1
0
1
1
2
1
1
1
1
0
0
1
0
2
0
2
1
0
1
1
0
2
0
2
1
1
1
2
0
1
0
1
1
2
0
2
1
2
2
1
0
1
2
0
2
2
1
1
0
0
2
2
1
2
2
2
0
1
0
0
0
1
0
1
1
0
0
1
1
1
0
2
0
2
2
0
2
0
2
1
2
1
0
1
0
1
0
2
2
0
2
0
2
1
2
2
1
0
1
0
2
2
1
2
1
2
2
0
2
1
2
0
1
1
2
0
2
2
1
2
2
2
2
1
2
0
0
2
1
0
1
2
0
0
2
2
1
0
1
1
0
1
2
0
0
1
2
2
2
2
0
2
1
1
1
0
2
2
0
1
1
0
0
1
0
1
2
1
2
1
2
1
0
2
1
1
0
1
2
0
1
2
2
0
0
1
0
2
2
2
1
1
2
1
1
1
0
0
0
1
0
0
2
1
2
1
1
2
2
2
0
1
2
1
1
1
0
0
2
1
1
2
2
2
0
2
1
2
1
0
2
2
1
2
2
2
1
0
0
1
1
2
0
0
1
2
1
2
1
2
1
0
2
2
2
0
2
1
0
0
1
2
2
2
2
1
0
0
1
0
2
1
1
2
2
2
1
2
0
0
1
0
1
2
1
2
0
2
0
2
1
2
0
0
1
2
1
1
0
1
0
1
1
0
1
0
1
1
0
0
2
0
2
2
0
1
1
0
1
0
1
0
0
1
2
2
0
2
0
0
0
0
0
1
1
2
0
1
1
0
0
0
0
2
1
2
1
1
0
2
1
0
0
2
1
1
0
1
2
1
1
1
2
1
0
2
2
0
0
1
1
2
2
0
0
Setting up 4 worker threads for Enlighten.
Memory Statistics:
[ALLOC_TEMP_TLS] TLS Allocator
  StackAllocators : 
    [ALLOC_TEMP_MAIN]
      Peak usage frame count: [2.0 KB-4.0 KB]: 5971 frames, [8.0 KB-16.0 KB]: 852 frames, [32.0 KB-64.0 KB]: 852 frames, [2.0 MB-4.0 MB]: 1 frames
      Initial Block Size 4.0 MB
      Current Block Size 4.0 MB
      Peak Allocated Bytes 2.1 MB
      Overflow Count 0
    [ALLOC_TEMP_Loading.AsyncRead]
      Initial Block Size 64.0 KB
      Current Block Size 64.0 KB
      Peak Allocated Bytes 128 B
      Overflow Count 0
    [ALLOC_TEMP_Loading.PreloadManager]
      Initial Block Size 256.0 KB
      Current Block Size 304.0 KB
      Peak Allocated Bytes 299.5 KB
      Overflow Count 4
    [ALLOC_TEMP_Background Job.Worker 8]
      Initial Block Size 32.0 KB
      Current Block Size 32.0 KB
      Peak Allocated Bytes 0 B
      Overflow Count 0
    [ALLOC_TEMP_Job.Worker 6]
      Initial Block Size 256.0 KB
      Current Block Size 256.0 KB
      Peak Allocated Bytes 3.6 KB
      Overflow Count 0
    [ALLOC_TEMP_Job.Worker 0]
      Initial Block Size 256.0 KB
      Current Block Size 256.0 KB
      Peak Allocated Bytes 3.6 KB
      Overflow Count 0
    [ALLOC_TEMP_Background Job.Worker 10]
      Initial Block Size 32.0 KB
      Current Block Size 32.0 KB
      Peak Allocated Bytes 0 B
      Overflow Count 0
    [ALLOC_TEMP_Background Job.Worker 9]
      Initial Block Size 32.0 KB
      Current Block Size 32.0 KB
      Peak Allocated Bytes 0 B
      Overflow Count 0
    [ALLOC_TEMP_Job.Worker 5]
      Initial Block Size 256.0 KB
      Current Block Size 256.0 KB
      Peak Allocated Bytes 3.6 KB
      Overflow Count 0
    [ALLOC_TEMP_Background Job.Worker 14]
      Initial Block Size 32.0 KB
      Current Block Size 32.0 KB
      Peak Allocated Bytes 0 B
      Overflow Count 0
    [ALLOC_TEMP_Background Job.Worker 6]
      Initial Block Size 32.0 KB
      Current Block Size 32.0 KB
      Peak Allocated Bytes 0 B
      Overflow Count 0
    [ALLOC_TEMP_Job.Worker 4]
      Initial Block Size 256.0 KB
      Current Block Size 256.0 KB
      Peak Allocated Bytes 3.6 KB
      Overflow Count 0
    [ALLOC_TEMP_Job.Worker 3]
      Initial Block Size 256.0 KB
      Current Block Size 256.0 KB
      Peak Allocated Bytes 3.6 KB
      Overflow Count 0
    [ALLOC_TEMP_Background Job.Worker 12]
      Initial Block Size 32.0 KB
      Current Block Size 32.0 KB
      Peak Allocated Bytes 0 B
      Overflow Count 0
    [ALLOC_TEMP_EnlightenWorker] x 4
      Initial Block Size 64.0 KB
      Current Block Size 64.0 KB
      Peak Allocated Bytes 0 B
      Overflow Count 0
    [ALLOC_TEMP_Background Job.Worker 15]
      Initial Block Size 32.0 KB
      Current Block Size 32.0 KB
      Peak Allocated Bytes 0 B
      Overflow Count 0
    [ALLOC_TEMP_Background Job.Worker 1]
      Initial Block Size 32.0 KB
      Current Block Size 32.0 KB
      Peak Allocated Bytes 0 B
      Overflow Count 0
    [ALLOC_TEMP_Background Job.Worker 2]
      Initial Block Size 32.0 KB
      Current Block Size 32.0 KB
      Peak Allocated Bytes 0 B
      Overflow Count 0
    [ALLOC_TEMP_Background Job.Worker 7]
      Initial Block Size 32.0 KB
      Current Block Size 32.0 KB
      Peak Allocated Bytes 0 B
      Overflow Count 0
    [ALLOC_TEMP_UnityGfxDeviceWorker]
      Initial Block Size 256.0 KB
      Current Block Size 256.0 KB
      Peak Allocated Bytes 0.8 KB
      Overflow Count 0
    [ALLOC_TEMP_AssetGarbageCollectorHelper] x 7
      Initial Block Size 64.0 KB
      Current Block Size 64.0 KB
      Peak Allocated Bytes 0 B
      Overflow Count 0
    [ALLOC_TEMP_Background Job.Worker 5]
      Initial Block Size 32.0 KB
      Current Block Size 32.0 KB
      Peak Allocated Bytes 0 B
      Overflow Count 0
    [ALLOC_TEMP_Background Job.Worker 13]
      Initial Block Size 32.0 KB
      Current Block Size 32.0 KB
      Peak Allocated Bytes 0 B
      Overflow Count 0
    [ALLOC_TEMP_OSX HID Input]
      Initial Block Size 64.0 KB
      Current Block Size 64.0 KB
      Peak Allocated Bytes 0 B
      Overflow Count 0
    [ALLOC_TEMP_Job.Worker 1]
      Initial Block Size 256.0 KB
      Current Block Size 256.0 KB
      Peak Allocated Bytes 3.6 KB
      Overflow Count 0
    [ALLOC_TEMP_Job.Worker 2]
      Initial Block Size 256.0 KB
      Current Block Size 256.0 KB
      Peak Allocated Bytes 3.6 KB
      Overflow Count 0
    [ALLOC_TEMP_Background Job.Worker 3]
      Initial Block Size 32.0 KB
      Current Block Size 32.0 KB
      Peak Allocated Bytes 0 B
      Overflow Count 0
    [ALLOC_TEMP_Background Job.Worker 11]
      Initial Block Size 32.0 KB
      Current Block Size 32.0 KB
      Peak Allocated Bytes 0 B
      Overflow Count 0
    [ALLOC_TEMP_Background Job.Worker 0]
      Initial Block Size 32.0 KB
      Current Block Size 32.0 KB
      Peak Allocated Bytes 0 B
      Overflow Count 0
    [ALLOC_TEMP_Background Job.Worker 4]
      Initial Block Size 32.0 KB
      Current Block Size 32.0 KB
      Peak Allocated Bytes 0 B
      Overflow Count 0
    [ALLOC_TEMP_BatchDeleteObjects]
      Initial Block Size 64.0 KB
      Current Block Size 64.0 KB
      Peak Allocated Bytes 0 B
      Overflow Count 0
[ALLOC_DEFAULT] Dual Thread Allocator
  Peak main deferred allocation count 41
    [ALLOC_BUCKET]
      Large Block size 4.0 MB
      Used Block count 1
      Peak Allocated bytes 1.2 MB
    [ALLOC_DEFAULT_MAIN]
      Peak usage frame count: [8.0 MB-16.0 MB]: 7676 frames
      Requested Block Size 16.0 MB
      Peak Block count 1
      Peak Allocated memory 13.1 MB
      Peak Large allocation bytes 0 B
    [ALLOC_DEFAULT_THREAD]
      Peak usage frame count: [16.0 MB-32.0 MB]: 7676 frames
      Requested Block Size 16.0 MB
      Peak Block count 1
      Peak Allocated memory 17.3 MB
      Peak Large allocation bytes 16.0 MB
[ALLOC_TEMP_JOB_1_FRAME]
  Initial Block Size 2.0 MB
  Used Block Count 1
  Overflow Count (too large) 0
  Overflow Count (full) 0
[ALLOC_TEMP_JOB_2_FRAMES]
  Initial Block Size 2.0 MB
  Used Block Count 1
  Overflow Count (too large) 0
  Overflow Count (full) 0
[ALLOC_TEMP_JOB_4_FRAMES (JobTemp)]
  Initial Block Size 2.0 MB
  Used Block Count 2
  Overflow Count (too large) 0
  Overflow Count (full) 0
[ALLOC_TEMP_JOB_ASYNC (Background)]
  Initial Block Size 1.0 MB
  Used Block Count 3
  Overflow Count (too large) 0
  Overflow Count (full) 0
[ALLOC_GFX] Dual Thread Allocator
  Peak main deferred allocation count 1
    [ALLOC_BUCKET]
      Large Block size 4.0 MB
      Used Block count 1
      Peak Allocated bytes 1.2 MB
    [ALLOC_GFX_MAIN]
      Peak usage frame count: [32.0 KB-64.0 KB]: 7675 frames, [2.0 MB-4.0 MB]: 1 frames
      Requested Block Size 16.0 MB
      Peak Block count 1
      Peak Allocated memory 2.7 MB
      Peak Large allocation bytes 0 B
    [ALLOC_GFX_THREAD]
      Peak usage frame count: [2.0 KB-4.0 KB]: 7676 frames
      Requested Block Size 16.0 MB
      Peak Block count 1
      Peak Allocated memory 2.7 KB
      Peak Large allocation bytes 0 B
[ALLOC_CACHEOBJECTS] Dual Thread Allocator
  Peak main deferred allocation count 0
    [ALLOC_BUCKET]
      Large Block size 4.0 MB
      Used Block count 1
      Peak Allocated bytes 1.2 MB
    [ALLOC_CACHEOBJECTS_MAIN]
      Peak usage frame count: [0.5 MB-1.0 MB]: 7676 frames
      Requested Block Size 4.0 MB
      Peak Block count 1
      Peak Allocated memory 1.0 MB
      Peak Large allocation bytes 0 B
    [ALLOC_CACHEOBJECTS_THREAD]
      Peak usage frame count: [0.5 MB-1.0 MB]: 7676 frames
      Requested Block Size 4.0 MB
      Peak Block count 1
      Peak Allocated memory 0.8 MB
      Peak Large allocation bytes 0 B
[ALLOC_TYPETREE] Dual Thread Allocator
  Peak main deferred allocation count 0
    [ALLOC_BUCKET]
      Large Block size 4.0 MB
      Used Block count 1
      Peak Allocated bytes 1.2 MB
    [ALLOC_TYPETREE_MAIN]
      Peak usage frame count: [4.0 KB-8.0 KB]: 7676 frames
      Requested Block Size 2.0 MB
      Peak Block count 1
      Peak Allocated memory 4.6 KB
      Peak Large allocation bytes 0 B
    [ALLOC_TYPETREE_THREAD]
      Peak usage frame count: [4.0 KB-8.0 KB]: 7676 frames
      Requested Block Size 2.0 MB
      Peak Block count 1
      Peak Allocated memory 5.4 KB
      Peak Large allocation bytes 0 B
